2025-02-07T12:00:29.418+05:30  INFO 30980 --- [elk-stack-demo] [main] c.e.e.ElkStackDemoApplication            : Starting ElkStackDemoApplication using Java 18.0.1.1 with PID 30980 (C:\Users\mrisingh2\Documents\Java\ELK\elk-stack-demo\target\classes started by mrisingh2 in C:\Users\mrisingh2\Documents\Java\ELK\elk-stack-demo)
2025-02-07T12:00:29.420+05:30  INFO 30980 --- [elk-stack-demo] [main] c.e.e.ElkStackDemoApplication            : No active profile set, falling back to 1 default profile: "default"
2025-02-07T12:00:30.272+05:30  INFO 30980 --- [elk-stack-demo] [main] o.s.b.w.embedded.tomcat.TomcatWebServer  : Tomcat initialized with port 8085 (http)
2025-02-07T12:00:30.283+05:30  INFO 30980 --- [elk-stack-demo] [main] o.apache.catalina.core.StandardService   : Starting service [Tomcat]
2025-02-07T12:00:30.284+05:30  INFO 30980 --- [elk-stack-demo] [main] o.apache.catalina.core.StandardEngine    : Starting Servlet engine: [Apache Tomcat/10.1.34]
2025-02-07T12:00:30.341+05:30  INFO 30980 --- [elk-stack-demo] [main] o.a.c.c.C.[Tomcat].[localhost].[/]       : Initializing Spring embedded WebApplicationContext
2025-02-07T12:00:30.341+05:30  INFO 30980 --- [elk-stack-demo] [main] w.s.c.ServletWebServerApplicationContext : Root WebApplicationContext: initialization completed in 879 ms
2025-02-07T12:00:30.688+05:30  INFO 30980 --- [elk-stack-demo] [main] o.s.b.w.embedded.tomcat.TomcatWebServer  : Tomcat started on port 8085 (http) with context path '/'
2025-02-07T12:00:30.696+05:30  INFO 30980 --- [elk-stack-demo] [main] c.e.e.ElkStackDemoApplication            : Started ElkStackDemoApplication in 1.683 seconds (process running for 2.023)
2025-02-07T12:00:34.903+05:30  INFO 30980 --- [elk-stack-demo] [http-nio-8085-exec-1] o.a.c.c.C.[Tomcat].[localhost].[/]       : Initializing Spring DispatcherServlet 'dispatcherServlet'
2025-02-07T12:00:34.905+05:30  INFO 30980 --- [elk-stack-demo] [http-nio-8085-exec-1] o.s.web.servlet.DispatcherServlet        : Initializing Servlet 'dispatcherServlet'
2025-02-07T12:00:34.906+05:30  INFO 30980 --- [elk-stack-demo] [http-nio-8085-exec-1] o.s.web.servlet.DispatcherServlet        : Completed initialization in 1 ms
2025-02-07T12:00:34.942+05:30  INFO 30980 --- [elk-stack-demo] [http-nio-8085-exec-1] c.e.e.controller.ELKTestController       : Received the request to fetch books
2025-02-07T12:00:34.944+05:30  INFO 30980 --- [elk-stack-demo] [http-nio-8085-exec-1] c.e.e.controller.ELKTestController       : Books list: [Book1, Book2, Book3]
2025-02-07T15:40:19.285+05:30  INFO 30980 --- [elk-stack-demo] [http-nio-8085-exec-5] c.e.e.controller.ELKTestController       : Received the request to fetch books
2025-02-07T15:40:19.317+05:30  INFO 30980 --- [elk-stack-demo] [http-nio-8085-exec-5] c.e.e.controller.ELKTestController       : Books list: [Book1, Book2, Book3]
2025-02-07T15:40:21.468+05:30  INFO 30980 --- [elk-stack-demo] [http-nio-8085-exec-6] c.e.e.controller.ELKTestController       : Received the request to fetch books
2025-02-07T15:40:21.468+05:30  INFO 30980 --- [elk-stack-demo] [http-nio-8085-exec-6] c.e.e.controller.ELKTestController       : Books list: [Book1, Book2, Book3]
2025-02-07T15:57:49.482+05:30  INFO 30980 --- [elk-stack-demo] [SpringApplicationShutdownHook] o.s.b.w.e.tomcat.GracefulShutdown        : Commencing graceful shutdown. Waiting for active requests to complete
2025-02-07T15:57:49.592+05:30  INFO 30980 --- [elk-stack-demo] [tomcat-shutdown] o.s.b.w.e.tomcat.GracefulShutdown        : Graceful shutdown complete
